<?xml version="1.0" encoding="UTF-8"?>
<!-- Generated by org.testng.reporters.JUnitReportReporter -->
<testsuite skipped="0" hostname="DESKTOP-LD72JHT" name="com.OrangeHRM.Tests.HomeTest" tests="1" failures="0" timestamp="07 Feb 2022 18:25:03 GMT" time="0.962" errors="0">
  <testcase name="logout" time="0.962" classname="com.OrangeHRM.Tests.HomeTest"/>
</testsuite> <!-- com.OrangeHRM.Tests.HomeTest -->
