<?xml version="1.0" encoding="UTF-8"?>
<!-- Generated by org.testng.reporters.JUnitReportReporter -->
<testsuite skipped="0" hostname="DESKTOP-LD72JHT" name="com.OrangeHRM.Tests.LoginTest" tests="3" failures="0" timestamp="07 Feb 2022 18:25:03 GMT" time="4.261" errors="0">
  <testcase name="CheckTitle" time="0.078" classname="com.OrangeHRM.Tests.LoginTest"/>
  <testcase name="logindetails" time="3.368" classname="com.OrangeHRM.Tests.LoginTest"/>
  <testcase name="ForgetPass" time="0.815" classname="com.OrangeHRM.Tests.LoginTest"/>
</testsuite> <!-- com.OrangeHRM.Tests.LoginTest -->
